<?xml version="1.0" encoding="UTF-8"?>
<testsuite name="CabInvoiceCollaborationTest" tests="1" skipped="0" failures="0" errors="0" timestamp="2020-07-11T04:31:39" hostname="SANDIP-PC" time="0.002">
  <properties/>
  <testcase name="givenLessDistanceAndTime_ShouldReturnMinimumFare" classname="CabInvoiceCollaborationTest" time="0.002"/>
  <system-out><![CDATA[]]></system-out>
  <system-err><![CDATA[]]></system-err>
</testsuite>
